system   I             system.c:245  al_install_system                [   0.00121] Allegro version: 5.1.12 (WIP)
dtor     D               dtor.c:184  _al_register_destructor          [   0.00147] added dtor for object 00AF4720, func 0F8E172B
system   D            wsystem.c:674  maybe_parent_dir                 [   0.00160] Also searching C:\Users\nicol\Desktop\TP3-Allegro\TP3\bin\Win32\
system   D            wsystem.c:724  _al_win_safe_load_library        [   0.00175] PathFindOnPath found: C:\WINDOWS\system32\d3d9.dll
system   D            wsystem.c:635  load_library_at_path             [   0.00177] Calling LoadLibrary C:\WINDOWS\system32\d3d9.dll
system   I            wsystem.c:638  load_library_at_path             [   0.00525] Loaded C:\WINDOWS\system32\d3d9.dll
d3d      I         d3d_disp.cpp:672  d3d_init_display                 [   0.04060] Render-to-texture: 1
d3d      I         d3d_disp.cpp:1770 d3d_create_display_locked        [   0.04128] faux_fullscreen=0
d3d      D         d3d_disp.cpp:1771 d3d_create_display_locked        [   0.04131] al_display=00B7DA68
d3d      D         d3d_disp.cpp:1772 d3d_create_display_locked        [   0.04133] al_display->vt=00B1B8E8
d3d      I d3d_display_formats.cpp:144  _al_d3d_generate_display_format_list [   0.04617] found 160 format combinations
display  D   display_settings.c:202  debug_display_settings           [   0.04623] color: 32 (rgba 8880), depth: 0, stencil: 0, acc: 0000, samples: 0/0
display  D   display_settings.c:517  _al_score_display_settings       [   0.04627] Score is : 897
display  D   display_settings.c:202  debug_display_settings           [   0.04629] color: 32 (rgba 8880), depth: 0, stencil: 0, acc: 0000, samples: 0/0
display  D   display_settings.c:517  _al_score_display_settings       [   0.04631] Score is : 897
display  D   display_settings.c:202  debug_display_settings           [   0.04633] color: 32 (rgba 8880), depth: 0, stencil: 0, acc: 0000, samples: 2/1
display  D   display_settings.c:517  _al_score_display_settings       [   0.04636] Score is : 726
display  D   display_settings.c:202  debug_display_settings           [   0.04637] color: 32 (rgba 8880), depth: 0, stencil: 0, acc: 0000, samples: 3/1
display  D   display_settings.c:517  _al_score_display_settings       [   0.04640] Score is : 721
display  D   display_settings.c:202  debug_display_settings           [   0.04642] color: 32 (rgba 8880), depth: 0, stencil: 0, acc: 0000, samples: 4/1
display  D   display_settings.c:517  _al_score_display_settings       [   0.04644] Score is : 717
display  D   display_settings.c:202  debug_display_settings           [   0.04646] color: 32 (rgba 8880), depth: 24, stencil: 8, acc: 0000, samples: 0/0
display  D   display_settings.c:517  _al_score_display_settings       [   0.04648] Score is : 897
display  D   display_settings.c:202  debug_display_settings           [   0.04650] color: 32 (rgba 8880), depth: 24, stencil: 8, acc: 0000, samples: 0/0
display  D   display_settings.c:517  _al_score_display_settings       [   0.04652] Score is : 897
display  D   display_settings.c:202  debug_display_settings           [   0.04654] color: 32 (rgba 8880), depth: 24, stencil: 8, acc: 0000, samples: 2/1
display  D   display_settings.c:517  _al_score_display_settings       [   0.04657] Score is : 726
display  D   display_settings.c:202  debug_display_settings           [   0.04658] color: 32 (rgba 8880), depth: 24, stencil: 8, acc: 0000, samples: 3/1
display  D   display_settings.c:517  _al_score_display_settings       [   0.04661] Score is : 721
display  D   display_settings.c:202  debug_display_settings           [   0.04662] color: 32 (rgba 8880), depth: 24, stencil: 8, acc: 0000, samples: 4/1
display  D   display_settings.c:517  _al_score_display_settings       [   0.04665] Score is : 717
display  D   display_settings.c:202  debug_display_settings           [   0.04667] color: 32 (rgba 8880), depth: 24, stencil: 0, acc: 0000, samples: 0/0
display  D   display_settings.c:517  _al_score_display_settings       [   0.04669] Score is : 897
display  D   display_settings.c:202  debug_display_settings           [   0.04676] color: 32 (rgba 8880), depth: 24, stencil: 0, acc: 0000, samples: 0/0
display  D   display_settings.c:517  _al_score_display_settings       [   0.04679] Score is : 897
display  D   display_settings.c:202  debug_display_settings           [   0.04681] color: 32 (rgba 8880), depth: 24, stencil: 0, acc: 0000, samples: 2/1
display  D   display_settings.c:517  _al_score_display_settings       [   0.04683] Score is : 726
display  D   display_settings.c:202  debug_display_settings           [   0.04685] color: 32 (rgba 8880), depth: 24, stencil: 0, acc: 0000, samples: 3/1
display  D   display_settings.c:517  _al_score_display_settings       [   0.04687] Score is : 721
display  D   display_settings.c:202  debug_display_settings           [   0.04689] color: 32 (rgba 8880), depth: 24, stencil: 0, acc: 0000, samples: 4/1
display  D   display_settings.c:517  _al_score_display_settings       [   0.04691] Score is : 717
display  D   display_settings.c:202  debug_display_settings           [   0.04693] color: 32 (rgba 8880), depth: 16, stencil: 0, acc: 0000, samples: 0/0
display  D   display_settings.c:517  _al_score_display_settings       [   0.04695] Score is : 897
display  D   display_settings.c:202  debug_display_settings           [   0.04697] color: 32 (rgba 8880), depth: 16, stencil: 0, acc: 0000, samples: 0/0
display  D   display_settings.c:517  _al_score_display_settings       [   0.04700] Score is : 897
display  D   display_settings.c:202  debug_display_settings           [   0.04701] color: 32 (rgba 8880), depth: 16, stencil: 0, acc: 0000, samples: 2/1
display  D   display_settings.c:517  _al_score_display_settings       [   0.04704] Score is : 726
display  D   display_settings.c:202  debug_display_settings           [   0.04705] color: 32 (rgba 8880), depth: 16, stencil: 0, acc: 0000, samples: 3/1
display  D   display_settings.c:517  _al_score_display_settings       [   0.04708] Score is : 721
display  D   display_settings.c:202  debug_display_settings           [   0.04710] color: 32 (rgba 8880), depth: 16, stencil: 0, acc: 0000, samples: 4/1
display  D   display_settings.c:517  _al_score_display_settings       [   0.04712] Score is : 717
display  D   display_settings.c:202  debug_display_settings           [   0.04714] color: 16 (rgba 5650), depth: 0, stencil: 0, acc: 0000, samples: 0/0
display  D   display_settings.c:517  _al_score_display_settings       [   0.04716] Score is : 897
display  D   display_settings.c:202  debug_display_settings           [   0.04718] color: 16 (rgba 5650), depth: 0, stencil: 0, acc: 0000, samples: 0/0
display  D   display_settings.c:517  _al_score_display_settings       [   0.04720] Score is : 897
display  D   display_settings.c:202  debug_display_settings           [   0.04722] color: 16 (rgba 5650), depth: 0, stencil: 0, acc: 0000, samples: 2/1
display  D   display_settings.c:517  _al_score_display_settings       [   0.04724] Score is : 726
display  D   display_settings.c:202  debug_display_settings           [   0.04726] color: 16 (rgba 5650), depth: 0, stencil: 0, acc: 0000, samples: 3/1
display  D   display_settings.c:517  _al_score_display_settings       [   0.04729] Score is : 721
display  D   display_settings.c:202  debug_display_settings           [   0.04731] color: 16 (rgba 5650), depth: 0, stencil: 0, acc: 0000, samples: 4/1
display  D   display_settings.c:517  _al_score_display_settings       [   0.04733] Score is : 717
display  D   display_settings.c:202  debug_display_settings           [   0.04735] color: 16 (rgba 5650), depth: 24, stencil: 8, acc: 0000, samples: 0/0
display  D   display_settings.c:517  _al_score_display_settings       [   0.04737] Score is : 897
display  D   display_settings.c:202  debug_display_settings           [   0.04739] color: 16 (rgba 5650), depth: 24, stencil: 8, acc: 0000, samples: 0/0
display  D   display_settings.c:517  _al_score_display_settings       [   0.04742] Score is : 897
display  D   display_settings.c:202  debug_display_settings           [   0.04744] color: 16 (rgba 5650), depth: 24, stencil: 8, acc: 0000, samples: 2/1
display  D   display_settings.c:517  _al_score_display_settings       [   0.04747] Score is : 726
display  D   display_settings.c:202  debug_display_settings           [   0.04748] color: 16 (rgba 5650), depth: 24, stencil: 8, acc: 0000, samples: 3/1
display  D   display_settings.c:517  _al_score_display_settings       [   0.04751] Score is : 721
display  D   display_settings.c:202  debug_display_settings           [   0.04753] color: 16 (rgba 5650), depth: 24, stencil: 8, acc: 0000, samples: 4/1
display  D   display_settings.c:517  _al_score_display_settings       [   0.04756] Score is : 717
display  D   display_settings.c:202  debug_display_settings           [   0.04757] color: 16 (rgba 5650), depth: 24, stencil: 0, acc: 0000, samples: 0/0
display  D   display_settings.c:517  _al_score_display_settings       [   0.04760] Score is : 897
display  D   display_settings.c:202  debug_display_settings           [   0.04762] color: 16 (rgba 5650), depth: 24, stencil: 0, acc: 0000, samples: 0/0
display  D   display_settings.c:517  _al_score_display_settings       [   0.04764] Score is : 897
display  D   display_settings.c:202  debug_display_settings           [   0.04766] color: 16 (rgba 5650), depth: 24, stencil: 0, acc: 0000, samples: 2/1
display  D   display_settings.c:517  _al_score_display_settings       [   0.04769] Score is : 726
display  D   display_settings.c:202  debug_display_settings           [   0.04770] color: 16 (rgba 5650), depth: 24, stencil: 0, acc: 0000, samples: 3/1
display  D   display_settings.c:517  _al_score_display_settings       [   0.04773] Score is : 721
display  D   display_settings.c:202  debug_display_settings           [   0.04774] color: 16 (rgba 5650), depth: 24, stencil: 0, acc: 0000, samples: 4/1
display  D   display_settings.c:517  _al_score_display_settings       [   0.04777] Score is : 717
display  D   display_settings.c:202  debug_display_settings           [   0.04779] color: 16 (rgba 5650), depth: 16, stencil: 0, acc: 0000, samples: 0/0
display  D   display_settings.c:517  _al_score_display_settings       [   0.04781] Score is : 897
display  D   display_settings.c:202  debug_display_settings           [   0.04784] color: 16 (rgba 5650), depth: 16, stencil: 0, acc: 0000, samples: 0/0
display  D   display_settings.c:517  _al_score_display_settings       [   0.04788] Score is : 897
display  D   display_settings.c:202  debug_display_settings           [   0.04790] color: 16 (rgba 5650), depth: 16, stencil: 0, acc: 0000, samples: 2/1
display  D   display_settings.c:517  _al_score_display_settings       [   0.04792] Score is : 726
display  D   display_settings.c:202  debug_display_settings           [   0.04795] color: 16 (rgba 5650), depth: 16, stencil: 0, acc: 0000, samples: 3/1
display  D   display_settings.c:517  _al_score_display_settings       [   0.04800] Score is : 721
display  D   display_settings.c:202  debug_display_settings           [   0.04802] color: 16 (rgba 5650), depth: 16, stencil: 0, acc: 0000, samples: 4/1
display  D   display_settings.c:517  _al_score_display_settings       [   0.04805] Score is : 717
display  D   display_settings.c:202  debug_display_settings           [   0.04809] color: 32 (rgba 8880), depth: 0, stencil: 0, acc: 0000, samples: 0/0
display  D   display_settings.c:388  _al_score_display_settings       [   0.04813] Single Buffer requirement not met.
display  D   display_settings.c:202  debug_display_settings           [   0.04815] color: 32 (rgba 8880), depth: 0, stencil: 0, acc: 0000, samples: 0/0
display  D   display_settings.c:388  _al_score_display_settings       [   0.04819] Single Buffer requirement not met.
display  D   display_settings.c:202  debug_display_settings           [   0.04821] color: 32 (rgba 8880), depth: 0, stencil: 0, acc: 0000, samples: 2/1
display  D   display_settings.c:388  _al_score_display_settings       [   0.04823] Single Buffer requirement not met.
display  D   display_settings.c:202  debug_display_settings           [   0.04827] color: 32 (rgba 8880), depth: 0, stencil: 0, acc: 0000, samples: 3/1
display  D   display_settings.c:388  _al_score_display_settings       [   0.04832] Single Buffer requirement not met.
display  D   display_settings.c:202  debug_display_settings           [   0.04836] color: 32 (rgba 8880), depth: 0, stencil: 0, acc: 0000, samples: 4/1
display  D   display_settings.c:388  _al_score_display_settings       [   0.04838] Single Buffer requirement not met.
display  D   display_settings.c:202  debug_display_settings           [   0.04841] color: 32 (rgba 8880), depth: 24, stencil: 8, acc: 0000, samples: 0/0
display  D   display_settings.c:388  _al_score_display_settings       [   0.04845] Single Buffer requirement not met.
display  D   display_settings.c:202  debug_display_settings           [   0.04846] color: 32 (rgba 8880), depth: 24, stencil: 8, acc: 0000, samples: 0/0
display  D   display_settings.c:388  _al_score_display_settings       [   0.04849] Single Buffer requirement not met.
display  D   display_settings.c:202  debug_display_settings           [   0.04850] color: 32 (rgba 8880), depth: 24, stencil: 8, acc: 0000, samples: 2/1
display  D   display_settings.c:388  _al_score_display_settings       [   0.04853] Single Buffer requirement not met.
display  D   display_settings.c:202  debug_display_settings           [   0.04855] color: 32 (rgba 8880), depth: 24, stencil: 8, acc: 0000, samples: 3/1
display  D   display_settings.c:388  _al_score_display_settings       [   0.04856] Single Buffer requirement not met.
display  D   display_settings.c:202  debug_display_settings           [   0.04858] color: 32 (rgba 8880), depth: 24, stencil: 8, acc: 0000, samples: 4/1
display  D   display_settings.c:388  _al_score_display_settings       [   0.04861] Single Buffer requirement not met.
display  D   display_settings.c:202  debug_display_settings           [   0.04863] color: 32 (rgba 8880), depth: 24, stencil: 0, acc: 0000, samples: 0/0
display  D   display_settings.c:388  _al_score_display_settings       [   0.04865] Single Buffer requirement not met.
display  D   display_settings.c:202  debug_display_settings           [   0.04898] color: 32 (rgba 8880), depth: 24, stencil: 0, acc: 0000, samples: 0/0
display  D   display_settings.c:388  _al_score_display_settings       [   0.04904] Single Buffer requirement not met.
display  D   display_settings.c:202  debug_display_settings           [   0.04906] color: 32 (rgba 8880), depth: 24, stencil: 0, acc: 0000, samples: 2/1
display  D   display_settings.c:388  _al_score_display_settings       [   0.04910] Single Buffer requirement not met.
display  D   display_settings.c:202  debug_display_settings           [   0.04911] color: 32 (rgba 8880), depth: 24, stencil: 0, acc: 0000, samples: 3/1
display  D   display_settings.c:388  _al_score_display_settings       [   0.04913] Single Buffer requirement not met.
display  D   display_settings.c:202  debug_display_settings           [   0.04915] color: 32 (rgba 8880), depth: 24, stencil: 0, acc: 0000, samples: 4/1
display  D   display_settings.c:388  _al_score_display_settings       [   0.04916] Single Buffer requirement not met.
display  D   display_settings.c:202  debug_display_settings           [   0.04917] color: 32 (rgba 8880), depth: 16, stencil: 0, acc: 0000, samples: 0/0
display  D   display_settings.c:388  _al_score_display_settings       [   0.04919] Single Buffer requirement not met.
display  D   display_settings.c:202  debug_display_settings           [   0.04920] color: 32 (rgba 8880), depth: 16, stencil: 0, acc: 0000, samples: 0/0
display  D   display_settings.c:388  _al_score_display_settings       [   0.04922] Single Buffer requirement not met.
display  D   display_settings.c:202  debug_display_settings           [   0.04923] color: 32 (rgba 8880), depth: 16, stencil: 0, acc: 0000, samples: 2/1
display  D   display_settings.c:388  _al_score_display_settings       [   0.04925] Single Buffer requirement not met.
display  D   display_settings.c:202  debug_display_settings           [   0.04926] color: 32 (rgba 8880), depth: 16, stencil: 0, acc: 0000, samples: 3/1
display  D   display_settings.c:388  _al_score_display_settings       [   0.04933] Single Buffer requirement not met.
display  D   display_settings.c:202  debug_display_settings           [   0.04934] color: 32 (rgba 8880), depth: 16, stencil: 0, acc: 0000, samples: 4/1
display  D   display_settings.c:388  _al_score_display_settings       [   0.04936] Single Buffer requirement not met.
display  D   display_settings.c:202  debug_display_settings           [   0.04937] color: 16 (rgba 5650), depth: 0, stencil: 0, acc: 0000, samples: 0/0
display  D   display_settings.c:388  _al_score_display_settings       [   0.04939] Single Buffer requirement not met.
display  D   display_settings.c:202  debug_display_settings           [   0.04940] color: 16 (rgba 5650), depth: 0, stencil: 0, acc: 0000, samples: 0/0
display  D   display_settings.c:388  _al_score_display_settings       [   0.04942] Single Buffer requirement not met.
display  D   display_settings.c:202  debug_display_settings           [   0.04943] color: 16 (rgba 5650), depth: 0, stencil: 0, acc: 0000, samples: 2/1
display  D   display_settings.c:388  _al_score_display_settings       [   0.04945] Single Buffer requirement not met.
display  D   display_settings.c:202  debug_display_settings           [   0.04946] color: 16 (rgba 5650), depth: 0, stencil: 0, acc: 0000, samples: 3/1
display  D   display_settings.c:388  _al_score_display_settings       [   0.04947] Single Buffer requirement not met.
display  D   display_settings.c:202  debug_display_settings           [   0.04949] color: 16 (rgba 5650), depth: 0, stencil: 0, acc: 0000, samples: 4/1
display  D   display_settings.c:388  _al_score_display_settings       [   0.04950] Single Buffer requirement not met.
display  D   display_settings.c:202  debug_display_settings           [   0.04952] color: 16 (rgba 5650), depth: 24, stencil: 8, acc: 0000, samples: 0/0
display  D   display_settings.c:388  _al_score_display_settings       [   0.04953] Single Buffer requirement not met.
display  D   display_settings.c:202  debug_display_settings           [   0.04955] color: 16 (rgba 5650), depth: 24, stencil: 8, acc: 0000, samples: 0/0
display  D   display_settings.c:388  _al_score_display_settings       [   0.04956] Single Buffer requirement not met.
display  D   display_settings.c:202  debug_display_settings           [   0.04957] color: 16 (rgba 5650), depth: 24, stencil: 8, acc: 0000, samples: 2/1
display  D   display_settings.c:388  _al_score_display_settings       [   0.04959] Single Buffer requirement not met.
display  D   display_settings.c:202  debug_display_settings           [   0.04960] color: 16 (rgba 5650), depth: 24, stencil: 8, acc: 0000, samples: 3/1
display  D   display_settings.c:388  _al_score_display_settings       [   0.04962] Single Buffer requirement not met.
display  D   display_settings.c:202  debug_display_settings           [   0.04963] color: 16 (rgba 5650), depth: 24, stencil: 8, acc: 0000, samples: 4/1
display  D   display_settings.c:388  _al_score_display_settings       [   0.04966] Single Buffer requirement not met.
display  D   display_settings.c:202  debug_display_settings           [   0.04967] color: 16 (rgba 5650), depth: 24, stencil: 0, acc: 0000, samples: 0/0
display  D   display_settings.c:388  _al_score_display_settings       [   0.04969] Single Buffer requirement not met.
display  D   display_settings.c:202  debug_display_settings           [   0.04970] color: 16 (rgba 5650), depth: 24, stencil: 0, acc: 0000, samples: 0/0
display  D   display_settings.c:388  _al_score_display_settings       [   0.04973] Single Buffer requirement not met.
display  D   display_settings.c:202  debug_display_settings           [   0.04974] color: 16 (rgba 5650), depth: 24, stencil: 0, acc: 0000, samples: 2/1
display  D   display_settings.c:388  _al_score_display_settings       [   0.04976] Single Buffer requirement not met.
display  D   display_settings.c:202  debug_display_settings           [   0.04977] color: 16 (rgba 5650), depth: 24, stencil: 0, acc: 0000, samples: 3/1
display  D   display_settings.c:388  _al_score_display_settings       [   0.04979] Single Buffer requirement not met.
display  D   display_settings.c:202  debug_display_settings           [   0.04980] color: 16 (rgba 5650), depth: 24, stencil: 0, acc: 0000, samples: 4/1
display  D   display_settings.c:388  _al_score_display_settings       [   0.04982] Single Buffer requirement not met.
display  D   display_settings.c:202  debug_display_settings           [   0.04983] color: 16 (rgba 5650), depth: 16, stencil: 0, acc: 0000, samples: 0/0
display  D   display_settings.c:388  _al_score_display_settings       [   0.04985] Single Buffer requirement not met.
display  D   display_settings.c:202  debug_display_settings           [   0.04986] color: 16 (rgba 5650), depth: 16, stencil: 0, acc: 0000, samples: 0/0
display  D   display_settings.c:388  _al_score_display_settings       [   0.04988] Single Buffer requirement not met.
display  D   display_settings.c:202  debug_display_settings           [   0.04990] color: 16 (rgba 5650), depth: 16, stencil: 0, acc: 0000, samples: 2/1
display  D   display_settings.c:388  _al_score_display_settings       [   0.04992] Single Buffer requirement not met.
display  D   display_settings.c:202  debug_display_settings           [   0.04993] color: 16 (rgba 5650), depth: 16, stencil: 0, acc: 0000, samples: 3/1
display  D   display_settings.c:388  _al_score_display_settings       [   0.04995] Single Buffer requirement not met.
display  D   display_settings.c:202  debug_display_settings           [   0.04997] color: 16 (rgba 5650), depth: 16, stencil: 0, acc: 0000, samples: 4/1
display  D   display_settings.c:388  _al_score_display_settings       [   0.04999] Single Buffer requirement not met.
display  D   display_settings.c:202  debug_display_settings           [   0.05000] color: 32 (rgba 8880), depth: 0, stencil: 0, acc: 0000, samples: 0/0
display  D   display_settings.c:517  _al_score_display_settings       [   0.05002] Score is : 769
display  D   display_settings.c:202  debug_display_settings           [   0.05003] color: 32 (rgba 8880), depth: 0, stencil: 0, acc: 0000, samples: 0/0
display  D   display_settings.c:517  _al_score_display_settings       [   0.05005] Score is : 769
display  D   display_settings.c:202  debug_display_settings           [   0.05006] color: 32 (rgba 8880), depth: 0, stencil: 0, acc: 0000, samples: 2/1
display  D   display_settings.c:517  _al_score_display_settings       [   0.05008] Score is : 598
display  D   display_settings.c:202  debug_display_settings           [   0.05009] color: 32 (rgba 8880), depth: 0, stencil: 0, acc: 0000, samples: 3/1
display  D   display_settings.c:517  _al_score_display_settings       [   0.05011] Score is : 593
display  D   display_settings.c:202  debug_display_settings           [   0.05012] color: 32 (rgba 8880), depth: 0, stencil: 0, acc: 0000, samples: 4/1
display  D   display_settings.c:517  _al_score_display_settings       [   0.05014] Score is : 589
display  D   display_settings.c:202  debug_display_settings           [   0.05015] color: 32 (rgba 8880), depth: 24, stencil: 8, acc: 0000, samples: 0/0
display  D   display_settings.c:517  _al_score_display_settings       [   0.05017] Score is : 769
display  D   display_settings.c:202  debug_display_settings           [   0.05018] color: 32 (rgba 8880), depth: 24, stencil: 8, acc: 0000, samples: 0/0
display  D   display_settings.c:517  _al_score_display_settings       [   0.05021] Score is : 769
display  D   display_settings.c:202  debug_display_settings           [   0.05022] color: 32 (rgba 8880), depth: 24, stencil: 8, acc: 0000, samples: 2/1
display  D   display_settings.c:517  _al_score_display_settings       [   0.05025] Score is : 598
display  D   display_settings.c:202  debug_display_settings           [   0.05026] color: 32 (rgba 8880), depth: 24, stencil: 8, acc: 0000, samples: 3/1
display  D   display_settings.c:517  _al_score_display_settings       [   0.05028] Score is : 593
display  D   display_settings.c:202  debug_display_settings           [   0.05029] color: 32 (rgba 8880), depth: 24, stencil: 8, acc: 0000, samples: 4/1
display  D   display_settings.c:517  _al_score_display_settings       [   0.05031] Score is : 589
display  D   display_settings.c:202  debug_display_settings           [   0.05034] color: 32 (rgba 8880), depth: 24, stencil: 0, acc: 0000, samples: 0/0
display  D   display_settings.c:517  _al_score_display_settings       [   0.05035] Score is : 769
display  D   display_settings.c:202  debug_display_settings           [   0.05036] color: 32 (rgba 8880), depth: 24, stencil: 0, acc: 0000, samples: 0/0
display  D   display_settings.c:517  _al_score_display_settings       [   0.05038] Score is : 769
display  D   display_settings.c:202  debug_display_settings           [   0.05039] color: 32 (rgba 8880), depth: 24, stencil: 0, acc: 0000, samples: 2/1
display  D   display_settings.c:517  _al_score_display_settings       [   0.05041] Score is : 598
display  D   display_settings.c:202  debug_display_settings           [   0.05043] color: 32 (rgba 8880), depth: 24, stencil: 0, acc: 0000, samples: 3/1
display  D   display_settings.c:517  _al_score_display_settings       [   0.05045] Score is : 593
display  D   display_settings.c:202  debug_display_settings           [   0.05046] color: 32 (rgba 8880), depth: 24, stencil: 0, acc: 0000, samples: 4/1
display  D   display_settings.c:517  _al_score_display_settings       [   0.05049] Score is : 589
display  D   display_settings.c:202  debug_display_settings           [   0.05050] color: 32 (rgba 8880), depth: 16, stencil: 0, acc: 0000, samples: 0/0
display  D   display_settings.c:517  _al_score_display_settings       [   0.05052] Score is : 769
display  D   display_settings.c:202  debug_display_settings           [   0.05053] color: 32 (rgba 8880), depth: 16, stencil: 0, acc: 0000, samples: 0/0
display  D   display_settings.c:517  _al_score_display_settings       [   0.05055] Score is : 769
display  D   display_settings.c:202  debug_display_settings           [   0.05056] color: 32 (rgba 8880), depth: 16, stencil: 0, acc: 0000, samples: 2/1
display  D   display_settings.c:517  _al_score_display_settings       [   0.05058] Score is : 598
display  D   display_settings.c:202  debug_display_settings           [   0.05059] color: 32 (rgba 8880), depth: 16, stencil: 0, acc: 0000, samples: 3/1
display  D   display_settings.c:517  _al_score_display_settings       [   0.05061] Score is : 593
display  D   display_settings.c:202  debug_display_settings           [   0.05062] color: 32 (rgba 8880), depth: 16, stencil: 0, acc: 0000, samples: 4/1
display  D   display_settings.c:517  _al_score_display_settings       [   0.05064] Score is : 589
display  D   display_settings.c:202  debug_display_settings           [   0.05065] color: 16 (rgba 5650), depth: 0, stencil: 0, acc: 0000, samples: 0/0
display  D   display_settings.c:517  _al_score_display_settings       [   0.05066] Score is : 769
display  D   display_settings.c:202  debug_display_settings           [   0.05068] color: 16 (rgba 5650), depth: 0, stencil: 0, acc: 0000, samples: 0/0
display  D   display_settings.c:517  _al_score_display_settings       [   0.05069] Score is : 769
display  D   display_settings.c:202  debug_display_settings           [   0.05071] color: 16 (rgba 5650), depth: 0, stencil: 0, acc: 0000, samples: 2/1
display  D   display_settings.c:517  _al_score_display_settings       [   0.05072] Score is : 598
display  D   display_settings.c:202  debug_display_settings           [   0.05073] color: 16 (rgba 5650), depth: 0, stencil: 0, acc: 0000, samples: 3/1
display  D   display_settings.c:517  _al_score_display_settings       [   0.05075] Score is : 593
display  D   display_settings.c:202  debug_display_settings           [   0.05076] color: 16 (rgba 5650), depth: 0, stencil: 0, acc: 0000, samples: 4/1
display  D   display_settings.c:517  _al_score_display_settings       [   0.05078] Score is : 589
display  D   display_settings.c:202  debug_display_settings           [   0.05079] color: 16 (rgba 5650), depth: 24, stencil: 8, acc: 0000, samples: 0/0
display  D   display_settings.c:517  _al_score_display_settings       [   0.05081] Score is : 769
display  D   display_settings.c:202  debug_display_settings           [   0.05082] color: 16 (rgba 5650), depth: 24, stencil: 8, acc: 0000, samples: 0/0
display  D   display_settings.c:517  _al_score_display_settings       [   0.05084] Score is : 769
display  D   display_settings.c:202  debug_display_settings           [   0.05085] color: 16 (rgba 5650), depth: 24, stencil: 8, acc: 0000, samples: 2/1
display  D   display_settings.c:517  _al_score_display_settings       [   0.05087] Score is : 598
display  D   display_settings.c:202  debug_display_settings           [   0.05088] color: 16 (rgba 5650), depth: 24, stencil: 8, acc: 0000, samples: 3/1
display  D   display_settings.c:517  _al_score_display_settings       [   0.05090] Score is : 593
display  D   display_settings.c:202  debug_display_settings           [   0.05091] color: 16 (rgba 5650), depth: 24, stencil: 8, acc: 0000, samples: 4/1
display  D   display_settings.c:517  _al_score_display_settings       [   0.05093] Score is : 589
display  D   display_settings.c:202  debug_display_settings           [   0.05094] color: 16 (rgba 5650), depth: 24, stencil: 0, acc: 0000, samples: 0/0
display  D   display_settings.c:517  _al_score_display_settings       [   0.05096] Score is : 769
display  D   display_settings.c:202  debug_display_settings           [   0.05097] color: 16 (rgba 5650), depth: 24, stencil: 0, acc: 0000, samples: 0/0
display  D   display_settings.c:517  _al_score_display_settings       [   0.05098] Score is : 769
display  D   display_settings.c:202  debug_display_settings           [   0.05100] color: 16 (rgba 5650), depth: 24, stencil: 0, acc: 0000, samples: 2/1
display  D   display_settings.c:517  _al_score_display_settings       [   0.05101] Score is : 598
display  D   display_settings.c:202  debug_display_settings           [   0.05102] color: 16 (rgba 5650), depth: 24, stencil: 0, acc: 0000, samples: 3/1
display  D   display_settings.c:517  _al_score_display_settings       [   0.05104] Score is : 593
display  D   display_settings.c:202  debug_display_settings           [   0.05105] color: 16 (rgba 5650), depth: 24, stencil: 0, acc: 0000, samples: 4/1
display  D   display_settings.c:517  _al_score_display_settings       [   0.05107] Score is : 589
display  D   display_settings.c:202  debug_display_settings           [   0.05108] color: 16 (rgba 5650), depth: 16, stencil: 0, acc: 0000, samples: 0/0
display  D   display_settings.c:517  _al_score_display_settings       [   0.05110] Score is : 769
display  D   display_settings.c:202  debug_display_settings           [   0.05111] color: 16 (rgba 5650), depth: 16, stencil: 0, acc: 0000, samples: 0/0
display  D   display_settings.c:517  _al_score_display_settings       [   0.05113] Score is : 769
display  D   display_settings.c:202  debug_display_settings           [   0.05114] color: 16 (rgba 5650), depth: 16, stencil: 0, acc: 0000, samples: 2/1
display  D   display_settings.c:517  _al_score_display_settings       [   0.05116] Score is : 598
display  D   display_settings.c:202  debug_display_settings           [   0.05117] color: 16 (rgba 5650), depth: 16, stencil: 0, acc: 0000, samples: 3/1
display  D   display_settings.c:517  _al_score_display_settings       [   0.05119] Score is : 593
display  D   display_settings.c:202  debug_display_settings           [   0.05120] color: 16 (rgba 5650), depth: 16, stencil: 0, acc: 0000, samples: 4/1
display  D   display_settings.c:517  _al_score_display_settings       [   0.05122] Score is : 589
display  D   display_settings.c:202  debug_display_settings           [   0.05124] color: 32 (rgba 8880), depth: 0, stencil: 0, acc: 0000, samples: 0/0
display  D   display_settings.c:388  _al_score_display_settings       [   0.05126] Single Buffer requirement not met.
display  D   display_settings.c:202  debug_display_settings           [   0.05128] color: 32 (rgba 8880), depth: 0, stencil: 0, acc: 0000, samples: 0/0
display  D   display_settings.c:388  _al_score_display_settings       [   0.05134] Single Buffer requirement not met.
display  D   display_settings.c:202  debug_display_settings           [   0.05135] color: 32 (rgba 8880), depth: 0, stencil: 0, acc: 0000, samples: 2/1
display  D   display_settings.c:388  _al_score_display_settings       [   0.05137] Single Buffer requirement not met.
display  D   display_settings.c:202  debug_display_settings           [   0.05138] color: 32 (rgba 8880), depth: 0, stencil: 0, acc: 0000, samples: 3/1
display  D   display_settings.c:388  _al_score_display_settings       [   0.05140] Single Buffer requirement not met.
display  D   display_settings.c:202  debug_display_settings           [   0.05141] color: 32 (rgba 8880), depth: 0, stencil: 0, acc: 0000, samples: 4/1
display  D   display_settings.c:388  _al_score_display_settings       [   0.05143] Single Buffer requirement not met.
display  D   display_settings.c:202  debug_display_settings           [   0.05144] color: 32 (rgba 8880), depth: 24, stencil: 8, acc: 0000, samples: 0/0
display  D   display_settings.c:388  _al_score_display_settings       [   0.05146] Single Buffer requirement not met.
display  D   display_settings.c:202  debug_display_settings           [   0.05147] color: 32 (rgba 8880), depth: 24, stencil: 8, acc: 0000, samples: 0/0
display  D   display_settings.c:388  _al_score_display_settings       [   0.05149] Single Buffer requirement not met.
display  D   display_settings.c:202  debug_display_settings           [   0.05150] color: 32 (rgba 8880), depth: 24, stencil: 8, acc: 0000, samples: 2/1
display  D   display_settings.c:388  _al_score_display_settings       [   0.05152] Single Buffer requirement not met.
display  D   display_settings.c:202  debug_display_settings           [   0.05153] color: 32 (rgba 8880), depth: 24, stencil: 8, acc: 0000, samples: 3/1
display  D   display_settings.c:388  _al_score_display_settings       [   0.05155] Single Buffer requirement not met.
display  D   display_settings.c:202  debug_display_settings           [   0.05156] color: 32 (rgba 8880), depth: 24, stencil: 8, acc: 0000, samples: 4/1
display  D   display_settings.c:388  _al_score_display_settings       [   0.05157] Single Buffer requirement not met.
display  D   display_settings.c:202  debug_display_settings           [   0.05159] color: 32 (rgba 8880), depth: 24, stencil: 0, acc: 0000, samples: 0/0
display  D   display_settings.c:388  _al_score_display_settings       [   0.05160] Single Buffer requirement not met.
display  D   display_settings.c:202  debug_display_settings           [   0.05162] color: 32 (rgba 8880), depth: 24, stencil: 0, acc: 0000, samples: 0/0
display  D   display_settings.c:388  _al_score_display_settings       [   0.05163] Single Buffer requirement not met.
display  D   display_settings.c:202  debug_display_settings           [   0.05165] color: 32 (rgba 8880), depth: 24, stencil: 0, acc: 0000, samples: 2/1
display  D   display_settings.c:388  _al_score_display_settings       [   0.05166] Single Buffer requirement not met.
display  D   display_settings.c:202  debug_display_settings           [   0.05168] color: 32 (rgba 8880), depth: 24, stencil: 0, acc: 0000, samples: 3/1
display  D   display_settings.c:388  _al_score_display_settings       [   0.05170] Single Buffer requirement not met.
display  D   display_settings.c:202  debug_display_settings           [   0.05172] color: 32 (rgba 8880), depth: 24, stencil: 0, acc: 0000, samples: 4/1
display  D   display_settings.c:388  _al_score_display_settings       [   0.05174] Single Buffer requirement not met.
display  D   display_settings.c:202  debug_display_settings           [   0.05175] color: 32 (rgba 8880), depth: 16, stencil: 0, acc: 0000, samples: 0/0
display  D   display_settings.c:388  _al_score_display_settings       [   0.05177] Single Buffer requirement not met.
display  D   display_settings.c:202  debug_display_settings           [   0.05180] color: 32 (rgba 8880), depth: 16, stencil: 0, acc: 0000, samples: 0/0
display  D   display_settings.c:388  _al_score_display_settings       [   0.05182] Single Buffer requirement not met.
display  D   display_settings.c:202  debug_display_settings           [   0.05183] color: 32 (rgba 8880), depth: 16, stencil: 0, acc: 0000, samples: 2/1
display  D   display_settings.c:388  _al_score_display_settings       [   0.05184] Single Buffer requirement not met.
display  D   display_settings.c:202  debug_display_settings           [   0.05186] color: 32 (rgba 8880), depth: 16, stencil: 0, acc: 0000, samples: 3/1
display  D   display_settings.c:388  _al_score_display_settings       [   0.05188] Single Buffer requirement not met.
display  D   display_settings.c:202  debug_display_settings           [   0.05189] color: 32 (rgba 8880), depth: 16, stencil: 0, acc: 0000, samples: 4/1
display  D   display_settings.c:388  _al_score_display_settings       [   0.05191] Single Buffer requirement not met.
display  D   display_settings.c:202  debug_display_settings           [   0.05192] color: 16 (rgba 5650), depth: 0, stencil: 0, acc: 0000, samples: 0/0
display  D   display_settings.c:388  _al_score_display_settings       [   0.05194] Single Buffer requirement not met.
display  D   display_settings.c:202  debug_display_settings           [   0.05195] color: 16 (rgba 5650), depth: 0, stencil: 0, acc: 0000, samples: 0/0
display  D   display_settings.c:388  _al_score_display_settings       [   0.05197] Single Buffer requirement not met.
display  D   display_settings.c:202  debug_display_settings           [   0.05198] color: 16 (rgba 5650), depth: 0, stencil: 0, acc: 0000, samples: 2/1
display  D   display_settings.c:388  _al_score_display_settings       [   0.05200] Single Buffer requirement not met.
display  D   display_settings.c:202  debug_display_settings           [   0.05201] color: 16 (rgba 5650), depth: 0, stencil: 0, acc: 0000, samples: 3/1
display  D   display_settings.c:388  _al_score_display_settings       [   0.05203] Single Buffer requirement not met.
display  D   display_settings.c:202  debug_display_settings           [   0.05204] color: 16 (rgba 5650), depth: 0, stencil: 0, acc: 0000, samples: 4/1
display  D   display_settings.c:388  _al_score_display_settings       [   0.05206] Single Buffer requirement not met.
display  D   display_settings.c:202  debug_display_settings           [   0.05207] color: 16 (rgba 5650), depth: 24, stencil: 8, acc: 0000, samples: 0/0
display  D   display_settings.c:388  _al_score_display_settings       [   0.05209] Single Buffer requirement not met.
display  D   display_settings.c:202  debug_display_settings           [   0.05210] color: 16 (rgba 5650), depth: 24, stencil: 8, acc: 0000, samples: 0/0
display  D   display_settings.c:388  _al_score_display_settings       [   0.05213] Single Buffer requirement not met.
display  D   display_settings.c:202  debug_display_settings           [   0.05214] color: 16 (rgba 5650), depth: 24, stencil: 8, acc: 0000, samples: 2/1
display  D   display_settings.c:388  _al_score_display_settings       [   0.05216] Single Buffer requirement not met.
display  D   display_settings.c:202  debug_display_settings           [   0.05217] color: 16 (rgba 5650), depth: 24, stencil: 8, acc: 0000, samples: 3/1
display  D   display_settings.c:388  _al_score_display_settings       [   0.05219] Single Buffer requirement not met.
display  D   display_settings.c:202  debug_display_settings           [   0.05220] color: 16 (rgba 5650), depth: 24, stencil: 8, acc: 0000, samples: 4/1
display  D   display_settings.c:388  _al_score_display_settings       [   0.05222] Single Buffer requirement not met.
display  D   display_settings.c:202  debug_display_settings           [   0.05223] color: 16 (rgba 5650), depth: 24, stencil: 0, acc: 0000, samples: 0/0
display  D   display_settings.c:388  _al_score_display_settings       [   0.05225] Single Buffer requirement not met.
display  D   display_settings.c:202  debug_display_settings           [   0.05226] color: 16 (rgba 5650), depth: 24, stencil: 0, acc: 0000, samples: 0/0
display  D   display_settings.c:388  _al_score_display_settings       [   0.05228] Single Buffer requirement not met.
display  D   display_settings.c:202  debug_display_settings           [   0.05229] color: 16 (rgba 5650), depth: 24, stencil: 0, acc: 0000, samples: 2/1
display  D   display_settings.c:388  _al_score_display_settings       [   0.05231] Single Buffer requirement not met.
display  D   display_settings.c:202  debug_display_settings           [   0.05233] color: 16 (rgba 5650), depth: 24, stencil: 0, acc: 0000, samples: 3/1
display  D   display_settings.c:388  _al_score_display_settings       [   0.05234] Single Buffer requirement not met.
display  D   display_settings.c:202  debug_display_settings           [   0.05236] color: 16 (rgba 5650), depth: 24, stencil: 0, acc: 0000, samples: 4/1
display  D   display_settings.c:388  _al_score_display_settings       [   0.05237] Single Buffer requirement not met.
display  D   display_settings.c:202  debug_display_settings           [   0.05242] color: 16 (rgba 5650), depth: 16, stencil: 0, acc: 0000, samples: 0/0
display  D   display_settings.c:388  _al_score_display_settings       [   0.05243] Single Buffer requirement not met.
display  D   display_settings.c:202  debug_display_settings           [   0.05246] color: 16 (rgba 5650), depth: 16, stencil: 0, acc: 0000, samples: 0/0
display  D   display_settings.c:388  _al_score_display_settings       [   0.05249] Single Buffer requirement not met.
display  D   display_settings.c:202  debug_display_settings           [   0.05251] color: 16 (rgba 5650), depth: 16, stencil: 0, acc: 0000, samples: 2/1
display  D   display_settings.c:388  _al_score_display_settings       [   0.05255] Single Buffer requirement not met.
display  D   display_settings.c:202  debug_display_settings           [   0.05257] color: 16 (rgba 5650), depth: 16, stencil: 0, acc: 0000, samples: 3/1
display  D   display_settings.c:388  _al_score_display_settings       [   0.05258] Single Buffer requirement not met.
display  D   display_settings.c:202  debug_display_settings           [   0.05260] color: 16 (rgba 5650), depth: 16, stencil: 0, acc: 0000, samples: 4/1
display  D   display_settings.c:388  _al_score_display_settings       [   0.05261] Single Buffer requirement not met.
d3d      D         d3d_disp.cpp:1670 d3d_create_display_internals     [   0.05269] Trying format 0.
d3d      I         d3d_disp.cpp:1346 d3d_display_thread_proc          [   0.05352] Chose a display format: 23
d3d      I         d3d_disp.cpp:1415 d3d_display_thread_proc          [   0.05357] Normal window.
d3d      I         d3d_disp.cpp:779  d3d_create_device                [   0.29357] Using no depth stencil buffer
d3d      D         d3d_disp.cpp:837  d3d_create_device                [   0.37713] BeginScene succeeded in create_device
d3d      D         d3d_disp.cpp:845  d3d_create_device                [   0.37716] Success
d3d      D         d3d_disp.cpp:1693 d3d_create_display_internals     [   0.37720] Resumed after wait.
d3d      I         d3d_disp.cpp:1726 d3d_create_display_internals     [   0.37725] Format 0 succeeded.
d3d      D         d3d_disp.cpp:1757 d3d_create_display_internals     [   0.37730] Returning d3d_display: 00B7DA68
d3d      D         d3d_disp.cpp:1782 d3d_create_display_locked        [   0.37731] al_display=00B7DA68
d3d      D         d3d_disp.cpp:1783 d3d_create_display_locked        [   0.37732] al_display->vt=00B1B8E8
system   D            wsystem.c:674  maybe_parent_dir                 [   0.37752] Also searching C:\Users\nicol\Desktop\TP3-Allegro\TP3\bin\Win32\
system   D            wsystem.c:724  _al_win_safe_load_library        [   0.37765] PathFindOnPath found: C:\WINDOWS\system32\d3dx9_43.dll
system   D            wsystem.c:635  load_library_at_path             [   0.37767] Calling LoadLibrary C:\WINDOWS\system32\d3dx9_43.dll
system   I            wsystem.c:638  load_library_at_path             [   0.38088] Loaded C:\WINDOWS\system32\d3dx9_43.dll
d3dx9    I        d3d_d3dx9.cpp:88   _imp_load_d3dx9_module_version   [   0.38096] Module "d3dx9_43.dll" loaded.
d3d      D         d3d_disp.cpp:1186 real_choose_bitmap_format        [   0.38165] Fake format
d3d      D         d3d_disp.cpp:1186 real_choose_bitmap_format        [   0.38168] Fake format
d3d      D         d3d_disp.cpp:1186 real_choose_bitmap_format        [   0.38170] Fake format
d3d      D         d3d_disp.cpp:1186 real_choose_bitmap_format        [   0.38171] Fake format
d3d      D         d3d_disp.cpp:1186 real_choose_bitmap_format        [   0.38172] Fake format
d3d      D         d3d_disp.cpp:1186 real_choose_bitmap_format        [   0.38173] Fake format
d3d      D         d3d_disp.cpp:1186 real_choose_bitmap_format        [   0.38174] Fake format
d3d      D         d3d_disp.cpp:1186 real_choose_bitmap_format        [   0.38175] Fake format
d3d      D         d3d_disp.cpp:1186 real_choose_bitmap_format        [   0.38176] Fake format
d3d      D         d3d_disp.cpp:1194 real_choose_bitmap_format        [   0.38177] Alpha doesn't match
d3d      D         d3d_disp.cpp:1201 real_choose_bitmap_format        [   0.38178] Adapter format is 23
d3d      D         d3d_disp.cpp:1204 real_choose_bitmap_format        [   0.38180] Found a format
d3d      I         d3d_disp.cpp:2381 d3d_create_bitmap                [   0.38181] Chose bitmap format 9
dtor     D               dtor.c:184  _al_register_destructor          [   0.38217] added dtor for object 03AFB920, func 0F8E21E9
d3d      D          d3d_bmp.cpp:539  _al_d3d_sync_bitmap              [   0.38228] _al_d3d_sync_bitmap (system) ref count == 1
d3d      D          d3d_bmp.cpp:545  _al_d3d_sync_bitmap              [   0.38230] _al_d3d_sync_bitmap (video) ref count == 1
d3d      D         d3d_disp.cpp:1186 real_choose_bitmap_format        [   0.38345] Fake format
d3d      D         d3d_disp.cpp:1186 real_choose_bitmap_format        [   0.38347] Fake format
d3d      D         d3d_disp.cpp:1186 real_choose_bitmap_format        [   0.38348] Fake format
d3d      D         d3d_disp.cpp:1186 real_choose_bitmap_format        [   0.38349] Fake format
d3d      D         d3d_disp.cpp:1186 real_choose_bitmap_format        [   0.38350] Fake format
d3d      D         d3d_disp.cpp:1186 real_choose_bitmap_format        [   0.38351] Fake format
d3d      D         d3d_disp.cpp:1186 real_choose_bitmap_format        [   0.38352] Fake format
d3d      D         d3d_disp.cpp:1186 real_choose_bitmap_format        [   0.38353] Fake format
d3d      D         d3d_disp.cpp:1186 real_choose_bitmap_format        [   0.38354] Fake format
d3d      D         d3d_disp.cpp:1194 real_choose_bitmap_format        [   0.38356] Alpha doesn't match
d3d      D         d3d_disp.cpp:1201 real_choose_bitmap_format        [   0.38357] Adapter format is 23
d3d      D         d3d_disp.cpp:1204 real_choose_bitmap_format        [   0.38358] Found a format
d3d      I         d3d_disp.cpp:2381 d3d_create_bitmap                [   0.38359] Chose bitmap format 9
dtor     D               dtor.c:184  _al_register_destructor          [   0.38379] added dtor for object 03AF9E78, func 0F8E21E9
d3d      D          d3d_bmp.cpp:539  _al_d3d_sync_bitmap              [   0.38395] _al_d3d_sync_bitmap (system) ref count == 1
d3d      D          d3d_bmp.cpp:545  _al_d3d_sync_bitmap              [   0.38397] _al_d3d_sync_bitmap (video) ref count == 1
dtor     D               dtor.c:184  _al_register_destructor          [   0.38504] added dtor for object 00B95AC8, func 0F8E233D
d3d      D          d3d_bmp.cpp:539  _al_d3d_sync_bitmap              [   0.42147] _al_d3d_sync_bitmap (system) ref count == 1
d3d      D          d3d_bmp.cpp:545  _al_d3d_sync_bitmap              [   0.42151] _al_d3d_sync_bitmap (video) ref count == 1
d3d      D          d3d_bmp.cpp:539  _al_d3d_sync_bitmap              [   0.42155] _al_d3d_sync_bitmap (system) ref count == 1
d3d      D          d3d_bmp.cpp:545  _al_d3d_sync_bitmap              [   0.42156] _al_d3d_sync_bitmap (video) ref count == 1
d3d      I         d3d_disp.cpp:899  d3d_destroy_display              [  13.56944] destroying display 00B7DA68 (current 00000000)
bitmap   D        bitmap_type.c:300  _al_convert_to_memory_bitmap     [  13.57301] converting display bitmap 03AF9E78 to memory bitmap
dtor     D               dtor.c:184  _al_register_destructor          [  13.57311] added dtor for object 03AFA3D8, func 0F8E21E9
d3d      D          d3d_bmp.cpp:539  _al_d3d_sync_bitmap              [  13.57316] _al_d3d_sync_bitmap (system) ref count == 1
d3d      D          d3d_bmp.cpp:545  _al_d3d_sync_bitmap              [  13.57319] _al_d3d_sync_bitmap (video) ref count == 1
dtor     D               dtor.c:214  _al_unregister_destructor        [  13.57393] removed dtor for object 03AFA3D8
bitmap   D        bitmap_type.c:300  _al_convert_to_memory_bitmap     [  13.57400] converting display bitmap 03AFB920 to memory bitmap
dtor     D               dtor.c:184  _al_register_destructor          [  13.57404] added dtor for object 03AF9FE0, func 0F8E21E9
d3d      D          d3d_bmp.cpp:539  _al_d3d_sync_bitmap              [  13.57406] _al_d3d_sync_bitmap (system) ref count == 1
d3d      D          d3d_bmp.cpp:545  _al_d3d_sync_bitmap              [  13.57407] _al_d3d_sync_bitmap (video) ref count == 1
dtor     D               dtor.c:214  _al_unregister_destructor        [  13.57451] removed dtor for object 03AF9FE0
d3d      D         d3d_disp.cpp:883  d3d_destroy_display_internals    [  13.57453] waiting for display 00B7DA68's thread to end
d3d      W         d3d_disp.cpp:593  d3d_destroy_device               [  13.57892] d3d_destroy_device: ref count not 0
d3d      I         d3d_disp.cpp:1551 d3d_display_thread_proc          [  13.59218] d3d display thread exits
dtor     D               dtor.c:214  _al_unregister_destructor        [  13.59355] removed dtor for object 03AFB920
dtor     D               dtor.c:214  _al_unregister_destructor        [  13.59361] removed dtor for object 00B95AC8
dtor     D               dtor.c:114  _al_run_destructors              [  13.59364] calling dtor for object 03AF9E78, func 0F8E21E9
dtor     D               dtor.c:214  _al_unregister_destructor        [  13.59367] removed dtor for object 03AF9E78
dtor     D               dtor.c:114  _al_run_destructors              [  13.59372] calling dtor for object 00AF4720, func 0F8E172B
dtor     D               dtor.c:214  _al_unregister_destructor        [  13.60208] removed dtor for object 00AF4720
